S1 0.925
G2 1.0
F3 0.2
R4 0.3
K5 1.0
M6 1.0
A7 0.65
F8 -0.11666666666666667
P9 1.0
S10 0.85
G11 0.8
K12 0.18
V13 0.975
E14 1.0
G15 0.0
C16 1.0
M17 0.44
V18 1.0
Q19 0.48
V20 1.0
T21 0.58
C22 0.26666666666666666
G23 1.0
T24 0.28
T25 0.2
T26 0.6
L27 1.0
N28 1.0
G29 1.0
L30 0.925
W31 1.0
L32 1.0
D33 0.5333333333333333
D34 0.8333333333333334
V35 -0.025
V36 1.0
Y37 0.38571428571428573
C38 1.0
P39 1.0
R40 1.0
H41 1.0
V42 0.975
I43 0.85
C44 0.6
T45 0.24
S46 0.45
E47 0.18
D48 0.26666666666666666
M49 0.4
L50 -0.1
N51 0.1
P52 0.42857142857142855
N53 0.6666666666666666
Y54 1.0
E55 0.54
D56 0.08333333333333333
L57 0.4
L58 0.825
I59 0.15
R60 0.24
K61 0.06
S62 0.2
N63 0.16666666666666666
H64 0.7625
N65 0.5833333333333334
F66 1.0
L67 -0.05
V68 0.925
Q69 0.38
A70 0.175
G71 0.5
N72 0.4666666666666667
V73 0.55
Q74 -0.04
L75 1.0
R76 0.2
V77 1.0
I78 0.75
G79 0.4
H80 0.3375
S81 0.35
M82 0.76
Q83 0.52
N84 0.2
C85 0.34444444444444444
V86 0.05
L87 1.0
K88 0.24
L89 0.9
K90 0.52
V91 1.0
D92 0.43333333333333335
T93 0.08
A94 0.25
N95 1.0
P96 0.7428571428571429
K97 0.12
T98 1.0
P99 1.0
K100 0.6
Y101 0.7857142857142857
K102 0.28
F103 0.95
V104 -0.225
R105 0.02
I106 0.8
Q107 0.36
P108 0.8857142857142857
G109 1.0
Q110 0.36
T111 0.5
F112 1.0
S113 0.55
V114 0.9
L115 1.0
A116 1.0
C117 0.8
Y118 1.0
N119 0.6166666666666667
G120 1.0
S121 0.05
P122 0.7714285714285715
S123 0.375
G124 0.8
V125 0.7
Y126 0.7142857142857143
Q127 0.0
C128 0.1111111111111111
A129 -0.05
M130 0.82
R131 1.0
P132 0.18571428571428572
N133 0.6333333333333333
F134 0.18333333333333332
T135 1.0
I136 1.0
K137 0.94
G138 1.0
S139 1.0
F140 1.0
L141 0.8
N142 0.13333333333333333
G143 1.0
S144 0.7
C145 1.0
G146 1.0
S147 1.0
V148 0.7
G149 1.0
F150 0.6
N151 0.2
I152 0.425
D153 0.26666666666666666
Y154 -0.1
D155 0.31666666666666665
C156 0.1111111111111111
V157 0.8
S158 0.125
F159 1.0
C160 0.4444444444444444
Y161 1.0
M162 0.88
H163 1.0
H164 0.4
M165 0.62
E166 1.0
L167 1.0
P168 0.02857142857142857
T169 0.44
G170 1.0
V171 0.025
H172 1.0
A173 0.2
G174 1.0
T175 0.52
D176 0.6
L177 0.4
E178 0.48
G179 1.0
N180 0.21666666666666667
F181 0.38333333333333336
Y182 1.0
G183 1.0
P184 0.2571428571428571
F185 0.75
V186 -0.2
D187 1.0
R188 0.32
Q189 0.52
T190 0.46
A191 0.0
Q192 1.0
A193 0.075
A194 0.0
G195 0.26666666666666666
T196 0.56
D197 0.65
T198 0.08
T199 0.14
I200 -0.05
T201 0.68
V202 0.225
N203 1.0
V204 1.0
L205 0.5
A206 1.0
W207 0.6363636363636364
L208 1.0
Y209 1.0
A210 1.0
A211 1.0
V212 0.625
I213 0.7
N214 1.0
G215 0.7666666666666667
D216 0.016666666666666666
R217 0.48
W218 1.0
F219 0.8333333333333334
L220 0.55
N221 0.16666666666666666
R222 0.06
F223 -0.11666666666666667
T224 0.18
T225 0.2
T226 0.34
L227 0.6
N228 0.13333333333333333
D229 0.26666666666666666
F230 0.85
N231 1.0
L232 -0.1
V233 -0.4
A234 1.0
M235 0.56
K236 0.06
Y237 -0.02857142857142857
N238 0.23333333333333334
Y239 0.5428571428571428
E240 0.08
P241 0.08571428571428572
L242 0.475
T243 0.16
Q244 0.08
D245 0.26666666666666666
H246 0.0875
V247 0.0
D248 0.06666666666666667
I249 0.15
L250 0.45
G251 0.13333333333333333
P252 -0.02857142857142857
L253 1.0
S254 0.4
A255 0.6
Q256 0.32
T257 1.0
G258 1.0
I259 0.55
A260 0.375
V261 0.95
L262 -0.375
D263 0.11666666666666667
M264 0.56
C265 0.1111111111111111
A266 0.575
S267 0.5
L268 0.6
K269 0.4
E270 0.24
L271 0.0
L272 1.0
Q273 0.16
N274 0.15
G275 0.9
M276 0.2
N277 0.2
G278 1.0
R279 0.7
T280 0.42
I281 1.0
L282 1.0
G283 0.8
S284 0.325
A285 0.15
L286 -0.025
L287 0.8
E288 0.34
D289 1.0
E290 1.0
F291 0.8
T292 0.9
P293 0.7428571428571429
F294 -0.11666666666666667
D295 0.7333333333333333
V296 1.0
V297 0.35
R298 0.54
Q299 1.0
C300 0.1111111111111111
S301 0.0
G302 1.0
V303 1.0
T304 0.16
F305 0.03333333333333333
Q306 0.74
